number of conservation statuses: 4
unique conservation statuses: [nan, 'Species of Concern', 'Endangered', 'Threatened', 'In Recovery']

na values in conservation_status: 5633

number of parks: 4
unique parks: ['Great Smoky Mountains National Park', 'Yosemite National Park', 'Bryce National Park', 'Yellowstone National Park']

total observations: 3314739
conservation_status
Endangered              16
In Recovery              4
No Intervention       5633
Species of Concern     161
Threatened              10

STATISTICS:
Chi2ContingencyResult
(statistic=np.float64(0.1617014831654557), 
pvalue=np.float64(0.6875948096661336),
dof=1, 
expected_freq=array([[ 27.8313253, 148.1686747], [ 77.1686747, 410.8313253]]))

Chi2ContingencyResult
(statistic=np.float64(4.289183096203645), 
pvalue=np.float64(0.03835559022969898), 
dof=1, 
expected_freq=array([[ 24.2519685, 151.7480315],
       [ 10.7480315,  67.2519685]]))
